2023-02-27 11:33:02 INFO  Main:36 - saved data reading
2023-02-27 11:33:02 INFO  Main:41 - application start
2023-02-27 11:33:03 INFO  Controller:74 - Main controller initializing
2023-02-27 11:33:06 INFO  NewEditController:91 - new/edit window initializing
2023-02-27 11:33:29 INFO  NewEditController:91 - new/edit window initializing
2023-02-27 11:34:25 INFO  TaskInfoController:25 - task info window initializing
2023-02-27 11:34:25 ERROR Controller:127 - error loading task-info.fxml
2023-02-27 11:34:27 INFO  TaskInfoController:25 - task info window initializing
2023-03-19 14:50:05 INFO  Main:36 - saved data reading
2023-03-19 14:50:05 INFO  Main:41 - application start
2023-03-19 14:50:06 INFO  Controller:74 - Main controller initializing
2023-03-19 16:03:57 INFO  Main:36 - saved data reading
2023-03-19 16:03:57 INFO  Main:41 - application start
2023-03-19 16:03:57 INFO  Controller:74 - Main controller initializing
2023-03-19 16:05:41 INFO  Main:36 - saved data reading
2023-03-19 16:05:41 INFO  Main:41 - application start
2023-03-19 16:05:41 INFO  Controller:74 - Main controller initializing
2023-03-19 16:06:03 INFO  NewEditController:91 - new/edit window initializing
2023-03-19 16:53:18 INFO  Main:36 - saved data reading
2023-03-19 16:53:18 INFO  Main:41 - application start
2023-03-19 16:53:19 INFO  Controller:74 - Main controller initializing
2023-03-19 16:53:57 INFO  NewEditController:91 - new/edit window initializing
2023-03-19 16:54:25 INFO  TaskInfoController:25 - task info window initializing
2023-03-19 16:54:50 INFO  NewEditController:91 - new/edit window initializing
2023-03-19 16:57:24 INFO  Main:36 - saved data reading
2023-03-19 16:57:24 INFO  Main:41 - application start
2023-03-19 16:57:24 INFO  Controller:74 - Main controller initializing
2023-03-19 17:02:44 INFO  Main:36 - saved data reading
2023-03-19 17:02:44 INFO  Main:41 - application start
2023-03-19 17:02:44 INFO  Controller:74 - Main controller initializing
2023-03-19 17:02:48 INFO  NewEditController:91 - new/edit window initializing
2023-03-19 17:22:00 INFO  Main:36 - saved data reading
2023-03-19 17:22:00 INFO  Main:41 - application start
2023-03-19 17:22:01 INFO  Controller:74 - Main controller initializing
2023-03-19 17:22:04 INFO  TaskInfoController:25 - task info window initializing
2023-03-19 17:23:33 INFO  TaskInfoController:25 - task info window initializing
2023-03-19 17:23:46 INFO  TaskInfoController:25 - task info window initializing
2023-03-19 17:24:47 INFO  NewEditController:91 - new/edit window initializing
2023-03-19 17:25:58 INFO  NewEditController:91 - new/edit window initializing
2023-03-19 17:26:19 INFO  NewEditController:91 - new/edit window initializing
2023-03-19 17:26:35 INFO  NewEditController:91 - new/edit window initializing
2023-03-19 17:26:44 INFO  NewEditController:91 - new/edit window initializing
2023-03-19 17:28:20 INFO  Main:36 - saved data reading
2023-03-19 17:28:20 INFO  Main:41 - application start
2023-03-19 17:28:20 INFO  Controller:74 - Main controller initializing
2023-03-19 17:46:04 INFO  Main:36 - saved data reading
2023-03-19 17:46:04 INFO  Main:41 - application start
2023-03-19 17:46:05 INFO  Controller:74 - Main controller initializing
2023-03-19 17:49:15 INFO  Main:36 - saved data reading
2023-03-19 17:49:15 INFO  Main:41 - application start
2023-03-19 17:49:16 INFO  Controller:74 - Main controller initializing
2023-03-19 17:49:21 INFO  Main:36 - saved data reading
2023-03-19 17:49:21 INFO  Main:41 - application start
2023-03-19 17:49:22 INFO  Controller:74 - Main controller initializing
2023-03-19 17:53:04 INFO  Main:36 - saved data reading
2023-03-19 17:53:04 INFO  Main:41 - application start
2023-03-19 17:53:04 INFO  Controller:74 - Main controller initializing
2023-03-19 17:55:52 INFO  Main:36 - saved data reading
2023-03-19 17:55:52 INFO  Main:41 - application start
2023-03-19 17:55:53 INFO  Controller:74 - Main controller initializing
2023-03-19 17:56:50 INFO  Main:36 - saved data reading
2023-03-19 17:56:50 INFO  Main:41 - application start
2023-03-19 17:56:51 INFO  Controller:74 - Main controller initializing
2023-03-19 18:00:57 INFO  Main:36 - saved data reading
2023-03-19 18:00:57 INFO  Main:41 - application start
2023-03-19 18:00:58 INFO  Controller:74 - Main controller initializing
2023-03-19 18:02:54 INFO  Main:36 - saved data reading
2023-03-19 18:02:54 INFO  Main:41 - application start
2023-03-19 18:02:55 INFO  Controller:74 - Main controller initializing
2023-03-19 18:04:02 INFO  Main:36 - saved data reading
2023-03-19 18:04:02 INFO  Main:41 - application start
2023-03-19 18:04:02 INFO  Controller:74 - Main controller initializing
2023-03-19 18:07:02 INFO  Main:36 - saved data reading
2023-03-19 18:07:02 INFO  Main:41 - application start
2023-03-19 18:07:02 INFO  Controller:74 - Main controller initializing
2023-03-19 18:47:30 INFO  Main:36 - saved data reading
2023-03-19 18:47:30 INFO  Main:41 - application start
2023-03-19 18:47:31 INFO  Controller:74 - Main controller initializing
2023-03-22 16:43:36 INFO  Main:36 - saved data reading
2023-03-22 16:43:36 INFO  Main:41 - application start
2023-03-22 16:43:36 INFO  Controller:74 - Main controller initializing
2023-03-22 16:53:03 INFO  Main:36 - saved data reading
2023-03-22 16:53:03 INFO  Main:41 - application start
2023-03-22 16:53:04 INFO  Controller:74 - Main controller initializing
2023-04-01 11:48:43 INFO  Main:36 - saved data reading
2023-04-01 11:48:43 INFO  Main:41 - application start
2023-04-01 11:48:44 INFO  Controller:74 - Main controller initializing
2023-04-01 11:48:50 INFO  TaskInfoController:25 - task info window initializing
2023-04-01 11:48:55 INFO  TaskInfoController:25 - task info window initializing
2023-04-01 11:48:57 INFO  NewEditController:90 - new/edit window initializing
2023-04-01 11:49:15 INFO  Main:36 - saved data reading
2023-04-01 11:49:15 INFO  Main:41 - application start
2023-04-01 11:49:16 INFO  Controller:74 - Main controller initializing
2023-04-01 15:04:14 INFO  Main:36 - saved data reading
2023-04-01 15:04:14 INFO  Main:41 - application start
2023-04-01 15:04:14 INFO  Controller:74 - Main controller initializing
2023-04-01 15:04:16 INFO  NewEditController:90 - new/edit window initializing
2023-04-01 15:23:02 INFO  Main:36 - saved data reading
2023-04-01 15:23:09 INFO  Main:41 - application start
2023-04-01 15:23:09 INFO  Controller:74 - Main controller initializing
2023-04-01 15:23:14 INFO  NewEditController:90 - new/edit window initializing
2023-04-01 18:50:07 ERROR Task:40 - interval < than 1
2023-04-01 18:50:07 ERROR Task:40 - interval < than 1
2023-04-01 18:50:08 ERROR Task:40 - interval < than 1
2023-04-01 18:54:42 ERROR Task:40 - interval < than 1
2023-04-01 18:54:42 ERROR Task:40 - interval < than 1
2023-04-01 18:54:42 ERROR Task:40 - interval < than 1
2023-04-01 18:56:03 ERROR Task:40 - interval < than 1
2023-04-01 18:56:03 ERROR Task:40 - interval < than 1
2023-04-01 18:56:03 ERROR Task:40 - interval < than 1
2023-04-01 18:57:22 ERROR Task:40 - interval < than 1
2023-04-01 18:57:22 ERROR Task:40 - interval < than 1
2023-04-01 18:57:22 ERROR Task:40 - interval < than 1
2023-04-01 18:57:45 ERROR Task:40 - interval < than 1
2023-04-01 18:57:45 ERROR Task:40 - interval < than 1
2023-04-01 18:57:45 ERROR Task:40 - interval < than 1
2023-04-01 19:02:18 ERROR Task:40 - interval < than 1
2023-04-01 19:02:18 ERROR Task:40 - interval < than 1
2023-04-01 19:02:18 ERROR Task:40 - interval < than 1
2023-04-01 19:02:51 ERROR Task:40 - interval < than 1
2023-04-01 19:02:51 ERROR Task:40 - interval < than 1
2023-04-01 19:02:51 ERROR Task:40 - interval < than 1
2023-04-01 19:12:37 ERROR Task:40 - interval < than 1
2023-04-01 19:13:14 ERROR Task:40 - interval < than 1
2023-04-01 19:13:20 ERROR Task:40 - interval < than 1
2023-04-01 19:13:20 ERROR Task:40 - interval < than 1
2023-04-01 19:13:36 ERROR Task:40 - interval < than 1
2023-04-01 19:13:36 ERROR Task:40 - interval < than 1
2023-04-01 19:13:36 ERROR Task:40 - interval < than 1
2023-04-01 19:15:00 ERROR Task:40 - interval < than 1
2023-04-01 19:15:08 ERROR Task:40 - interval < than 1
2023-04-01 19:15:40 ERROR Task:40 - interval < than 1
2023-04-01 19:15:40 ERROR Task:40 - interval < than 1
2023-04-01 19:19:51 ERROR Task:37 - time below bound
2023-04-01 19:19:51 ERROR Task:37 - time below bound
2023-04-01 19:19:51 ERROR Task:37 - time below bound
2023-04-01 19:19:51 ERROR Task:37 - time below bound
2023-04-01 19:19:51 ERROR Task:37 - time below bound
2023-04-01 19:23:58 ERROR Task:37 - time below bound
2023-04-01 19:23:58 ERROR Task:42 - interval < than 1
2023-04-01 19:23:58 ERROR Task:37 - time below bound
2023-04-01 19:24:23 ERROR Task:37 - time below bound
2023-04-01 19:24:23 ERROR Task:42 - interval < than 1
2023-04-01 19:24:23 ERROR Task:37 - time below bound
2023-04-01 19:24:23 ERROR Task:37 - time below bound
2023-04-01 19:24:28 ERROR Task:37 - time below bound
2023-04-01 19:24:28 ERROR Task:42 - interval < than 1
2023-04-01 19:24:28 ERROR Task:42 - interval < than 1
2023-04-01 19:24:36 ERROR Task:37 - time below bound
2023-04-01 19:24:36 ERROR Task:42 - interval < than 1
2023-04-01 19:24:36 ERROR Task:42 - interval < than 1
2023-04-01 19:24:36 ERROR Task:37 - time below bound
2023-04-01 19:24:36 ERROR Task:42 - interval < than 1
2023-04-01 19:24:36 ERROR Task:37 - time below bound
2023-04-01 19:24:36 ERROR Task:37 - time below bound
2023-04-05 16:46:33 ERROR Task:37 - time below bound
2023-04-05 16:46:33 ERROR Task:42 - interval < than 1
2023-04-05 16:46:33 ERROR Task:42 - interval < than 1
2023-04-05 16:46:33 ERROR Task:37 - time below bound
2023-04-05 16:46:33 ERROR Task:42 - interval < than 1
2023-04-05 16:46:33 ERROR Task:37 - time below bound
2023-04-05 16:46:33 ERROR Task:37 - time below bound
2023-04-26 16:49:36 ERROR Task:37 - time below bound
2023-04-26 16:49:36 ERROR Task:42 - interval < than 1
2023-04-26 16:49:36 ERROR Task:42 - interval < than 1
2023-04-26 16:49:36 ERROR Task:37 - time below bound
2023-04-26 16:49:36 ERROR Task:42 - interval < than 1
2023-04-26 16:49:36 ERROR Task:37 - time below bound
2023-04-26 16:49:36 ERROR Task:37 - time below bound
